=============== LOG ENTRY BEGIN ===============
Sun Jul 23 2017 15:26:44 GMT-0400 (EDT)
 
TERMINAL COMMANDS:
$: /usr/local/bin/node,/Users/alexanderdivers/dev_class/LIRI/liri.js,mytweets
 
DATA OUTPUT:
1. Tweet: RT @buffer: "People don't buy products; they buy better versions of themselves." http://t.co/oOKO917mhl http://t.co/rY2nD8Fsk2
Created at: Mon May 22 13:05:29 +0000 2017 
2. Tweet: How to Test Drive Your Business Idea Before Quitting Your Job https://t.co/5GeWWKBhg4 via @ladderdigital
Created at: Mon Sep 12 13:56:36 +0000 2016 
3. Tweet: DIY lumber. #diy #sawmill #functionalfitness #watchyourfingers https://t.co/tG7JYuzqRy
Created at: Sun Nov 29 02:07:21 +0000 2015 
4. Tweet: RT @justinkey: Plot Guru officially launched on iOS today! https://t.co/Uk3Dd8BWRU
Created at: Tue Nov 03 16:03:26 +0000 2015 
5. Tweet: Renegades. @ 9:30 Club https://t.co/jk0Mr0U4zE
Created at: Thu Oct 22 02:56:18 +0000 2015 
6. Tweet: Just posted a video https://t.co/PiAVsAJknk
Created at: Thu Oct 22 02:39:19 +0000 2015 
7. Tweet: You make me feel Gorgeous... @ 9:30 Club https://t.co/twgLzlvic0
Created at: Thu Oct 22 01:36:53 +0000 2015 
8. Tweet: Just posted a video @ 9:30 Club https://t.co/tu75tTBzTr
Created at: Thu Oct 22 01:22:56 +0000 2015 
9. Tweet: 9:30 on A Wednesday night. X Ambassadors. @ 9:30 Club https://t.co/pLUDHkmSnW
Created at: Thu Oct 22 00:55:42 +0000 2015 
10. Tweet: He who opens enough cookies will find his fortune. I mean  statistically one of these fortunes has to… https://t.co/l9VDMLVnOa
Created at: Wed Oct 21 16:46:03 +0000 2015 
11. Tweet: This minimalist wallet is by far my best recent purchase. Only problem is I forget if I have it.… https://t.co/ijpRFPgwk0
Created at: Sun Oct 11 14:06:38 +0000 2015 
12. Tweet: New Bentley Bentayga. Because America... https://t.co/lTqJuaqcmw
Created at: Tue Oct 06 21:22:57 +0000 2015 
13. Tweet: Solid slow pace jog to help wake up, focus, and reflect. Have to love the AM! http://t.co/gZycvFlfoE
Created at: Tue Sep 01 11:42:25 +0000 2015 
14. Tweet: Solid slow pace jog to help wake up, focus, and reflect. Have to love the AM! http://t.co/OyeB3Px2r6
Created at: Tue Sep 01 11:42:13 +0000 2015 
15. Tweet: Good times in Motor City @ Corktown, Detroit https://t.co/YeMRYG38s1
Created at: Wed Aug 19 14:11:02 +0000 2015 
16. Tweet: Exploring the Potomac this fine and sunny day. https://t.co/mJCBcXgwKT
Created at: Thu Jul 30 21:04:05 +0000 2015 
17. Tweet: First order of sustainable product came in for testing. Reviews and updates to follow. #shopgobi… https://t.co/vyTYg7FkEO
Created at: Wed Jul 22 22:29:51 +0000 2015 
18. Tweet: This one was surprising. Arlington as top spot for young entrepreneurs?
http://t.co/QBYRFlYG3J
Created at: Sat Apr 25 15:03:35 +0000 2015 
19. Tweet: RT @Sweetbriaredu: With a heavy heart Sweet Briar College announces it will close. Visit transition site for answers &amp; more information htt…
Created at: Tue Mar 03 18:39:50 +0000 2015 
20. Tweet: RT @TheRealNimoy: A life is like a garden. Perfect moments can be had, but not preserved, except in memory.  LLAP
Created at: Sat Feb 28 01:38:32 +0000 2015 
=============== LOG ENTRY END ===============
 
=============== LOG ENTRY BEGIN ===============
Sun Jul 23 2017 15:32:06 GMT-0400 (EDT)
 
TERMINAL COMMANDS:
$: /usr/local/bin/node,/Users/alexanderdivers/dev_class/LIRI/liri.js,mytweets
 
DATA OUTPUT:
1. Tweet: RT @buffer: "People don't buy products; they buy better versions of themselves." http://t.co/oOKO917mhl http://t.co/rY2nD8Fsk2
Created at: Mon May 22 13:05:29 +0000 2017 
2. Tweet: How to Test Drive Your Business Idea Before Quitting Your Job https://t.co/5GeWWKBhg4 via @ladderdigital
Created at: Mon Sep 12 13:56:36 +0000 2016 
3. Tweet: DIY lumber. #diy #sawmill #functionalfitness #watchyourfingers https://t.co/tG7JYuzqRy
Created at: Sun Nov 29 02:07:21 +0000 2015 
4. Tweet: RT @justinkey: Plot Guru officially launched on iOS today! https://t.co/Uk3Dd8BWRU
Created at: Tue Nov 03 16:03:26 +0000 2015 
5. Tweet: Renegades. @ 9:30 Club https://t.co/jk0Mr0U4zE
Created at: Thu Oct 22 02:56:18 +0000 2015 
6. Tweet: Just posted a video https://t.co/PiAVsAJknk
Created at: Thu Oct 22 02:39:19 +0000 2015 
7. Tweet: You make me feel Gorgeous... @ 9:30 Club https://t.co/twgLzlvic0
Created at: Thu Oct 22 01:36:53 +0000 2015 
8. Tweet: Just posted a video @ 9:30 Club https://t.co/tu75tTBzTr
Created at: Thu Oct 22 01:22:56 +0000 2015 
9. Tweet: 9:30 on A Wednesday night. X Ambassadors. @ 9:30 Club https://t.co/pLUDHkmSnW
Created at: Thu Oct 22 00:55:42 +0000 2015 
10. Tweet: He who opens enough cookies will find his fortune. I mean  statistically one of these fortunes has to… https://t.co/l9VDMLVnOa
Created at: Wed Oct 21 16:46:03 +0000 2015 
11. Tweet: This minimalist wallet is by far my best recent purchase. Only problem is I forget if I have it.… https://t.co/ijpRFPgwk0
Created at: Sun Oct 11 14:06:38 +0000 2015 
12. Tweet: New Bentley Bentayga. Because America... https://t.co/lTqJuaqcmw
Created at: Tue Oct 06 21:22:57 +0000 2015 
13. Tweet: Solid slow pace jog to help wake up, focus, and reflect. Have to love the AM! http://t.co/gZycvFlfoE
Created at: Tue Sep 01 11:42:25 +0000 2015 
14. Tweet: Solid slow pace jog to help wake up, focus, and reflect. Have to love the AM! http://t.co/OyeB3Px2r6
Created at: Tue Sep 01 11:42:13 +0000 2015 
15. Tweet: Good times in Motor City @ Corktown, Detroit https://t.co/YeMRYG38s1
Created at: Wed Aug 19 14:11:02 +0000 2015 
16. Tweet: Exploring the Potomac this fine and sunny day. https://t.co/mJCBcXgwKT
Created at: Thu Jul 30 21:04:05 +0000 2015 
17. Tweet: First order of sustainable product came in for testing. Reviews and updates to follow. #shopgobi… https://t.co/vyTYg7FkEO
Created at: Wed Jul 22 22:29:51 +0000 2015 
18. Tweet: This one was surprising. Arlington as top spot for young entrepreneurs?
http://t.co/QBYRFlYG3J
Created at: Sat Apr 25 15:03:35 +0000 2015 
19. Tweet: RT @Sweetbriaredu: With a heavy heart Sweet Briar College announces it will close. Visit transition site for answers &amp; more information htt…
Created at: Tue Mar 03 18:39:50 +0000 2015 
20. Tweet: RT @TheRealNimoy: A life is like a garden. Perfect moments can be had, but not preserved, except in memory.  LLAP
Created at: Sat Feb 28 01:38:32 +0000 2015 
=============== LOG ENTRY END ===============
 
=============== LOG ENTRY BEGIN ===============
Sun Jul 23 2017 15:37:07 GMT-0400 (EDT)
 
TERMINAL COMMANDS:
$: /usr/local/bin/node,/Users/alexanderdivers/dev_class/LIRI/liri.js,mytweets
 
DATA OUTPUT:
1. Tweet: RT @buffer: "People don't buy products; they buy better versions of themselves." http://t.co/oOKO917mhl http://t.co/rY2nD8Fsk2
Created at: Mon May 22 13:05:29 +0000 2017 
2. Tweet: How to Test Drive Your Business Idea Before Quitting Your Job https://t.co/5GeWWKBhg4 via @ladderdigital
Created at: Mon Sep 12 13:56:36 +0000 2016 
3. Tweet: DIY lumber. #diy #sawmill #functionalfitness #watchyourfingers https://t.co/tG7JYuzqRy
Created at: Sun Nov 29 02:07:21 +0000 2015 
4. Tweet: RT @justinkey: Plot Guru officially launched on iOS today! https://t.co/Uk3Dd8BWRU
Created at: Tue Nov 03 16:03:26 +0000 2015 
5. Tweet: Renegades. @ 9:30 Club https://t.co/jk0Mr0U4zE
Created at: Thu Oct 22 02:56:18 +0000 2015 
6. Tweet: Just posted a video https://t.co/PiAVsAJknk
Created at: Thu Oct 22 02:39:19 +0000 2015 
7. Tweet: You make me feel Gorgeous... @ 9:30 Club https://t.co/twgLzlvic0
Created at: Thu Oct 22 01:36:53 +0000 2015 
8. Tweet: Just posted a video @ 9:30 Club https://t.co/tu75tTBzTr
Created at: Thu Oct 22 01:22:56 +0000 2015 
9. Tweet: 9:30 on A Wednesday night. X Ambassadors. @ 9:30 Club https://t.co/pLUDHkmSnW
Created at: Thu Oct 22 00:55:42 +0000 2015 
10. Tweet: He who opens enough cookies will find his fortune. I mean  statistically one of these fortunes has to… https://t.co/l9VDMLVnOa
Created at: Wed Oct 21 16:46:03 +0000 2015 
11. Tweet: This minimalist wallet is by far my best recent purchase. Only problem is I forget if I have it.… https://t.co/ijpRFPgwk0
Created at: Sun Oct 11 14:06:38 +0000 2015 
12. Tweet: New Bentley Bentayga. Because America... https://t.co/lTqJuaqcmw
Created at: Tue Oct 06 21:22:57 +0000 2015 
13. Tweet: Solid slow pace jog to help wake up, focus, and reflect. Have to love the AM! http://t.co/gZycvFlfoE
Created at: Tue Sep 01 11:42:25 +0000 2015 
14. Tweet: Solid slow pace jog to help wake up, focus, and reflect. Have to love the AM! http://t.co/OyeB3Px2r6
Created at: Tue Sep 01 11:42:13 +0000 2015 
15. Tweet: Good times in Motor City @ Corktown, Detroit https://t.co/YeMRYG38s1
Created at: Wed Aug 19 14:11:02 +0000 2015 
16. Tweet: Exploring the Potomac this fine and sunny day. https://t.co/mJCBcXgwKT
Created at: Thu Jul 30 21:04:05 +0000 2015 
17. Tweet: First order of sustainable product came in for testing. Reviews and updates to follow. #shopgobi… https://t.co/vyTYg7FkEO
Created at: Wed Jul 22 22:29:51 +0000 2015 
18. Tweet: This one was surprising. Arlington as top spot for young entrepreneurs?
http://t.co/QBYRFlYG3J
Created at: Sat Apr 25 15:03:35 +0000 2015 
19. Tweet: RT @Sweetbriaredu: With a heavy heart Sweet Briar College announces it will close. Visit transition site for answers &amp; more information htt…
Created at: Tue Mar 03 18:39:50 +0000 2015 
20. Tweet: RT @TheRealNimoy: A life is like a garden. Perfect moments can be had, but not preserved, except in memory.  LLAP
Created at: Sat Feb 28 01:38:32 +0000 2015 
=============== LOG ENTRY END ===============
 
=============== LOG ENTRY BEGIN ===============
Mon Jul 24 2017 16:54:46 GMT-0400 (EDT)
 
TERMINAL COMMANDS:
$: /usr/local/bin/node,/Users/alexanderdivers/dev_class/LIRI/liri.js,mytweets
 
DATA OUTPUT:
1. Tweet: RT @buffer: "People don't buy products; they buy better versions of themselves." http://t.co/oOKO917mhl http://t.co/rY2nD8Fsk2
Created at: Mon May 22 13:05:29 +0000 2017 
2. Tweet: How to Test Drive Your Business Idea Before Quitting Your Job https://t.co/5GeWWKBhg4 via @ladderdigital
Created at: Mon Sep 12 13:56:36 +0000 2016 
3. Tweet: DIY lumber. #diy #sawmill #functionalfitness #watchyourfingers https://t.co/tG7JYuzqRy
Created at: Sun Nov 29 02:07:21 +0000 2015 
4. Tweet: RT @justinkey: Plot Guru officially launched on iOS today! https://t.co/Uk3Dd8BWRU
Created at: Tue Nov 03 16:03:26 +0000 2015 
5. Tweet: Renegades. @ 9:30 Club https://t.co/jk0Mr0U4zE
Created at: Thu Oct 22 02:56:18 +0000 2015 
6. Tweet: Just posted a video https://t.co/PiAVsAJknk
Created at: Thu Oct 22 02:39:19 +0000 2015 
7. Tweet: You make me feel Gorgeous... @ 9:30 Club https://t.co/twgLzlvic0
Created at: Thu Oct 22 01:36:53 +0000 2015 
8. Tweet: Just posted a video @ 9:30 Club https://t.co/tu75tTBzTr
Created at: Thu Oct 22 01:22:56 +0000 2015 
9. Tweet: 9:30 on A Wednesday night. X Ambassadors. @ 9:30 Club https://t.co/pLUDHkmSnW
Created at: Thu Oct 22 00:55:42 +0000 2015 
10. Tweet: He who opens enough cookies will find his fortune. I mean  statistically one of these fortunes has to… https://t.co/l9VDMLVnOa
Created at: Wed Oct 21 16:46:03 +0000 2015 
11. Tweet: This minimalist wallet is by far my best recent purchase. Only problem is I forget if I have it.… https://t.co/ijpRFPgwk0
Created at: Sun Oct 11 14:06:38 +0000 2015 
12. Tweet: New Bentley Bentayga. Because America... https://t.co/lTqJuaqcmw
Created at: Tue Oct 06 21:22:57 +0000 2015 
13. Tweet: Solid slow pace jog to help wake up, focus, and reflect. Have to love the AM! http://t.co/gZycvFlfoE
Created at: Tue Sep 01 11:42:25 +0000 2015 
14. Tweet: Solid slow pace jog to help wake up, focus, and reflect. Have to love the AM! http://t.co/OyeB3Px2r6
Created at: Tue Sep 01 11:42:13 +0000 2015 
15. Tweet: Good times in Motor City @ Corktown, Detroit https://t.co/YeMRYG38s1
Created at: Wed Aug 19 14:11:02 +0000 2015 
16. Tweet: Exploring the Potomac this fine and sunny day. https://t.co/mJCBcXgwKT
Created at: Thu Jul 30 21:04:05 +0000 2015 
17. Tweet: First order of sustainable product came in for testing. Reviews and updates to follow. #shopgobi… https://t.co/vyTYg7FkEO
Created at: Wed Jul 22 22:29:51 +0000 2015 
18. Tweet: This one was surprising. Arlington as top spot for young entrepreneurs?
http://t.co/QBYRFlYG3J
Created at: Sat Apr 25 15:03:35 +0000 2015 
19. Tweet: RT @Sweetbriaredu: With a heavy heart Sweet Briar College announces it will close. Visit transition site for answers &amp; more information htt…
Created at: Tue Mar 03 18:39:50 +0000 2015 
20. Tweet: RT @TheRealNimoy: A life is like a garden. Perfect moments can be had, but not preserved, except in memory.  LLAP
Created at: Sat Feb 28 01:38:32 +0000 2015 
=============== LOG ENTRY END ===============
 
